2025-08-29 07:23:38 +0000  Initial pipeline context: <IDEDistributionProcessingPipelineContext: 0x8d5f3db00; archive(resolved)="<IDEArchive: 0x8d76c67d0>", distributionTask(resolved)="2", distributionDestination(resolved)="1", distributionMethod(resolved)="<IDEDistributionMethodDevelopmentSigned: 0x8d7ad0b70>", team(resolved)="<IDEProvisioningDisambiguatableBasicTeam: 0x8e58b9b00; teamID='L9GM633593', teamName='Kavankumar Joshi', teamType='Individual', username='joshikavan92@gmail.com', isFreeProvisioningTeam='0'>">
	Chain (15, self inclusive):
	<IDEDistributionProcessingPipelineContext: 0x8d5f3db00; archive = "<IDEArchive: 0x8d76c67d0>", distributionMethod="<IDEDistributionMethodDevelopmentSigned: 0x8d7ad0b70>", team="<IDEProvisioningDisambiguatableBasicTeam: 0x8e58b9b00; teamID='L9GM633593', teamName='Kavankumar Joshi', teamType='Individual', username='joshikavan92@gmail.com', isFreeProvisioningTeam='0'>">
	<IDEDistributionProcessingPipelineContext: 0x8d5f3ed00; archive = "<IDEArchive: 0x8d76c67d0>", distributionMethod="<IDEDistributionMethodDevelopmentSigned: 0x8d7ad0b70>", team="<IDEProvisioningDisambiguatableBasicTeam: 0x8e58b9b00; teamID='L9GM633593', teamName='Kavankumar Joshi', teamType='Individual', username='joshikavan92@gmail.com', isFreeProvisioningTeam='0'>">
	<IDEDistributionContext: 0x8d891de00; archive = "<IDEArchive: 0x8d76c67d0>", distributionMethod="<IDEDistributionMethodDevelopmentSigned: 0x8d7ad0b70>", team="<IDEProvisioningDisambiguatableBasicTeam: 0x8e58b9b00; teamID='L9GM633593', teamName='Kavankumar Joshi', teamType='Individual', username='joshikavan92@gmail.com', isFreeProvisioningTeam='0'>">
	<IDEDistributionContext: 0x8d6dcf200; archive = "<IDEArchive: 0x8d76c67d0>", distributionMethod="<IDEDistributionMethodDevelopmentSigned: 0x8d7ad0b70>", team="<IDEProvisioningDisambiguatableBasicTeam: 0x8e58b9b00; teamID='L9GM633593', teamName='Kavankumar Joshi', teamType='Individual', username='joshikavan92@gmail.com', isFreeProvisioningTeam='0'>">
	<IDEDistributionContext: 0x8d5f9ef80; archive = "<IDEArchive: 0x8d76c67d0>", distributionMethod="<IDEDistributionMethodDevelopmentSigned: 0x8d7ad0b70>", team="<IDEProvisioningDisambiguatableBasicTeam: 0x8e58b9b00; teamID='L9GM633593', teamName='Kavankumar Joshi', teamType='Individual', username='joshikavan92@gmail.com', isFreeProvisioningTeam='0'>">
	<IDEDistributionContext: 0x8d5f9d400; archive = "<IDEArchive: 0x8d76c67d0>", distributionMethod="<IDEDistributionMethodDevelopmentSigned: 0x8d7ad0b70>", team="<IDEProvisioningDisambiguatableBasicTeam: 0x8e58b9b00; teamID='L9GM633593', teamName='Kavankumar Joshi', teamType='Individual', username='joshikavan92@gmail.com', isFreeProvisioningTeam='0'>">
	<IDEDistributionContext: 0x8d5fa6f80; archive = "<IDEArchive: 0x8d76c67d0>", distributionMethod="<IDEDistributionMethodDevelopmentSigned: 0x8d7ad0b70>", team="<IDEProvisioningDisambiguatableBasicTeam: 0x8e58b9b00; teamID='L9GM633593', teamName='Kavankumar Joshi', teamType='Individual', username='joshikavan92@gmail.com', isFreeProvisioningTeam='0'>">
	<IDEDistributionContext: 0x8d5fa5180; archive = "<IDEArchive: 0x8d76c67d0>", distributionMethod="<IDEDistributionMethodDevelopmentSigned: 0x8d7ad0b70>", team="<IDEProvisioningDisambiguatableBasicTeam: 0x8e58b9b00; teamID='L9GM633593', teamName='Kavankumar Joshi', teamType='Individual', username='joshikavan92@gmail.com', isFreeProvisioningTeam='0'>">
	<IDEDistributionContext: 0x8d5fa4000; archive = "<IDEArchive: 0x8d76c67d0>", distributionMethod="<IDEDistributionMethodDevelopmentSigned: 0x8d7ad0b70>", team="<IDEProvisioningDisambiguatableBasicTeam: 0x8e58b9b00; teamID='L9GM633593', teamName='Kavankumar Joshi', teamType='Individual', username='joshikavan92@gmail.com', isFreeProvisioningTeam='0'>">
	<IDEDistributionContext: 0x8d5fa4f00; archive = "<IDEArchive: 0x8d76c67d0>", distributionMethod="<IDEDistributionMethodDevelopmentSigned: 0x8d7ad0b70>", team="(null)">
	<IDEDistributionContext: 0x8d5fa6d00; archive = "<IDEArchive: 0x8d76c67d0>", distributionMethod="<IDEDistributionMethodDevelopmentSigned: 0x8d7ad0b70>", team="(null)">
	<IDEDistributionContext: 0x8d5fa5680; archive = "<IDEArchive: 0x8d76c67d0>", distributionMethod="<IDEDistributionMethodDevelopmentSigned: 0x8d7ad0b70>", team="(null)">
	<IDEDistributionContext: 0x8d5fa4280; archive = "<IDEArchive: 0x8d76c67d0>", distributionMethod="<IDEDistributionMethodDevelopmentSigned: 0x8d7ad0b70>", team="(null)">
	<IDEDistributionContext: 0x8d5fe2800; archive = "<IDEArchive: 0x8d76c67d0>", distributionMethod="(null)", team="(null)">
	<IDEDistributionContext: 0x8d5fe2580; archive = "<IDEArchive: 0x8d76c67d0>", distributionMethod="(null)", team="(null)">
</IDEDistributionProcessingPipelineContext: 0x8d5f3db00>
2025-08-29 07:23:38 +0000  Processing step: IDEDistributionCreateDestRootStep
2025-08-29 07:23:38 +0000  Processing step: IDEDistributionCopyItemStep
2025-08-29 07:23:38 +0000  Running /usr/bin/ditto '-V' '/Users/kavan.joshi/Library/Developer/Xcode/Archives/2025-08-29/Omnia 8-29-25, 12.53 PM.xcarchive/Products/Applications/Omnia.app' '/var/folders/f2/csj7151n4c57d7ny93w4h0s40000gp/T/XcodeDistPipeline.~~~EIDUap/Root/Payload/Omnia.app'
2025-08-29 07:23:38 +0000  >>> Copying /Users/kavan.joshi/Library/Developer/Xcode/Archives/2025-08-29/Omnia 8-29-25, 12.53 PM.xcarchive/Products/Applications/Omnia.app 
2025-08-29 07:23:38 +0000  copying file ./_CodeSignature/CodeResources ... 
2025-08-29 07:23:38 +0000  2775 bytes for ./_CodeSignature/CodeResources
2025-08-29 07:23:38 +0000  copying file ./AppIcon60x60@2x.png ... 
2025-08-29 07:23:38 +0000  8490 bytes for ./AppIcon60x60@2x.png
2025-08-29 07:23:38 +0000  copying file ./Omnia ... 
2025-08-29 07:23:38 +0000  209008 bytes for ./Omnia
2025-08-29 07:23:38 +0000  copying file ./Assets.car ... 
2025-08-29 07:23:38 +0000  1232056 bytes for ./Assets.car
2025-08-29 07:23:38 +0000  copying file ./AppIcon76x76@2x~ipad.png ... 
2025-08-29 07:23:38 +0000  11008 bytes for ./AppIcon76x76@2x~ipad.png
2025-08-29 07:23:38 +0000  copying file ./embedded.mobileprovision ... 
2025-08-29 07:23:38 +0000  14628 bytes for ./embedded.mobileprovision
2025-08-29 07:23:38 +0000  copying file ./Info.plist ... 
2025-08-29 07:23:38 +0000  2084 bytes for ./Info.plist
2025-08-29 07:23:38 +0000  copying file ./PkgInfo ... 
2025-08-29 07:23:38 +0000  8 bytes for ./PkgInfo
2025-08-29 07:23:38 +0000  /usr/bin/ditto exited with 0
2025-08-29 07:23:38 +0000  Processing step: IDEDistributionEmbedProfileStep
2025-08-29 07:23:38 +0000  Processing step: IDEDistributionInfoPlistStep
2025-08-29 07:23:38 +0000  Skipping step: IDEDistributionInfoPlistStep because it said so
2025-08-29 07:23:38 +0000  Processing step: IDEDistributionAppThinningPlistStep
2025-08-29 07:23:38 +0000  Skipping step: IDEDistributionAppThinningPlistStep because it said so
2025-08-29 07:23:38 +0000  Processing step: IDEDistributionSymbolsStep
2025-08-29 07:23:38 +0000  Skipping step: IDEDistributionSymbolsStep because it said so
2025-08-29 07:23:38 +0000  Processing step: IDEDistributionAppThinningStep
2025-08-29 07:23:38 +0000  Skipping step: IDEDistributionAppThinningStep because it said so
2025-08-29 07:23:38 +0000  Processing step: IDEDistributionArchThinningStep
2025-08-29 07:23:38 +0000  Archs to thin for item /Users/kavan.joshi/Library/Developer/Xcode/Archives/2025-08-29/Omnia 8-29-25, 12.53 PM.xcarchive/Products/Applications/Omnia.app are []
2025-08-29 07:23:38 +0000  Processing step: IDEDistributionODRStep
2025-08-29 07:23:38 +0000  Processing step: IDEDistributionStripXattrsStep
2025-08-29 07:23:38 +0000  Skipping stripping extended attributes because the codesign step will strip them.
2025-08-29 07:23:38 +0000  Processing step: IDEDistributionCodesignStep
2025-08-29 07:23:38 +0000  Entitlements for <IDEDistributionItem: 0x8d5f870c0; bundleID='com.omniaapp.Omnia.v2', path='<DVTFilePath:0x8d73032a0:'/Users/kavan.joshi/Library/Developer/Xcode/Archives/2025-08-29/Omnia 8-29-25, 12.53 PM.xcarchive/Products/Applications/Omnia.app'>', codeSigningInfo='<_DVTCodeSigningInformation_Path: 0x8d5f86d60; isSigned='1', isAdHocSigned='0', signingCertificate='<DVTSigningCertificate: 0x8d72ec900; name='Apple Development: Kavankumar Joshi (962YA473XH)', hash='BF86367F5F55A38D3D5FF1CE4CD8972202C9BD1C', serialNumber='249F8FDD6C7887B575E36946DD3B6585', certificateKinds='(
    "1.2.840.113635.100.6.1.12",
    "1.2.840.113635.100.6.1.2"
), issueDate='2025-05-08 02:15:08 +0000''>', entitlements='{
    "application-identifier" = "L9GM633593.com.omniaapp.Omnia.v2";
    "com.apple.developer.team-identifier" = L9GM633593;
    "get-task-allow" = 1;
}', teamID='L9GM633593', identifier='com.omniaapp.Omnia.v2', executablePath='<DVTFilePath:0x8d7300f60:'/Users/kavan.joshi/Library/Developer/Xcode/Archives/2025-08-29/Omnia 8-29-25, 12.53 PM.xcarchive/Products/Applications/Omnia.app/Omnia'>', hardenedRuntime='0'>'>: {
    "application-identifier" = "L9GM633593.com.omniaapp.Omnia.v2";
    "com.apple.developer.team-identifier" = L9GM633593;
    "get-task-allow" = 1;
}
2025-08-29 07:23:38 +0000  Associated App Clip Identifiers Filter: Skipping because "com.apple.developer.associated-appclip-app-identifiers" is not present
2025-08-29 07:23:38 +0000  Entitlements for <IDEDistributionItem: 0x8d5f870c0; bundleID='com.omniaapp.Omnia.v2', path='<DVTFilePath:0x8d73032a0:'/Users/kavan.joshi/Library/Developer/Xcode/Archives/2025-08-29/Omnia 8-29-25, 12.53 PM.xcarchive/Products/Applications/Omnia.app'>', codeSigningInfo='<_DVTCodeSigningInformation_Path: 0x8d5f86d60; isSigned='1', isAdHocSigned='0', signingCertificate='<DVTSigningCertificate: 0x8d72ed5c0; name='Apple Development: Kavankumar Joshi (962YA473XH)', hash='BF86367F5F55A38D3D5FF1CE4CD8972202C9BD1C', serialNumber='249F8FDD6C7887B575E36946DD3B6585', certificateKinds='(
    "1.2.840.113635.100.6.1.12",
    "1.2.840.113635.100.6.1.2"
), issueDate='2025-05-08 02:15:08 +0000''>', entitlements='{
    "application-identifier" = "L9GM633593.com.omniaapp.Omnia.v2";
    "com.apple.developer.team-identifier" = L9GM633593;
    "get-task-allow" = 1;
}', teamID='L9GM633593', identifier='com.omniaapp.Omnia.v2', executablePath='<DVTFilePath:0x8d7300f60:'/Users/kavan.joshi/Library/Developer/Xcode/Archives/2025-08-29/Omnia 8-29-25, 12.53 PM.xcarchive/Products/Applications/Omnia.app/Omnia'>', hardenedRuntime='0'>'> are: {
    "application-identifier" = "L9GM633593.com.omniaapp.Omnia.v2";
    "com.apple.developer.team-identifier" = L9GM633593;
    "get-task-allow" = 1;
}
2025-08-29 07:23:38 +0000  Writing entitlements for <IDEDistributionItem: 0x8d5f870c0; bundleID='com.omniaapp.Omnia.v2', path='<DVTFilePath:0x8d73032a0:'/Users/kavan.joshi/Library/Developer/Xcode/Archives/2025-08-29/Omnia 8-29-25, 12.53 PM.xcarchive/Products/Applications/Omnia.app'>', codeSigningInfo='<_DVTCodeSigningInformation_Path: 0x8d5f86d60; isSigned='1', isAdHocSigned='0', signingCertificate='<DVTSigningCertificate: 0x8d72ed5c0; name='Apple Development: Kavankumar Joshi (962YA473XH)', hash='BF86367F5F55A38D3D5FF1CE4CD8972202C9BD1C', serialNumber='249F8FDD6C7887B575E36946DD3B6585', certificateKinds='(
    "1.2.840.113635.100.6.1.12",
    "1.2.840.113635.100.6.1.2"
), issueDate='2025-05-08 02:15:08 +0000''>', entitlements='{
    "application-identifier" = "L9GM633593.com.omniaapp.Omnia.v2";
    "com.apple.developer.team-identifier" = L9GM633593;
    "get-task-allow" = 1;
}', teamID='L9GM633593', identifier='com.omniaapp.Omnia.v2', executablePath='<DVTFilePath:0x8d7300f60:'/Users/kavan.joshi/Library/Developer/Xcode/Archives/2025-08-29/Omnia 8-29-25, 12.53 PM.xcarchive/Products/Applications/Omnia.app/Omnia'>', hardenedRuntime='0'>'> to: /var/folders/f2/csj7151n4c57d7ny93w4h0s40000gp/T/XcodeDistPipeline.~~~EIDUap/entitlements~~~6MVtu0
2025-08-29 07:23:38 +0000  invoking codesign: <NSConcreteTask: 0x8dfde83c0; launchPath='/usr/bin/codesign', arguments='(
    "-f",
    "-s",
    BF86367F5F55A38D3D5FF1CE4CD8972202C9BD1C,
    "--entitlements",
    "/var/folders/f2/csj7151n4c57d7ny93w4h0s40000gp/T/XcodeDistPipeline.~~~EIDUap/entitlements~~~6MVtu0",
    "--preserve-metadata=identifier,flags,runtime,launch-constraints,library-constraints",
    "--generate-entitlement-der",
    "--strip-disallowed-xattrs",
    "-vvv",
    "/var/folders/f2/csj7151n4c57d7ny93w4h0s40000gp/T/XcodeDistPipeline.~~~EIDUap/Root/Payload/Omnia.app"
)'>
2025-08-29 07:23:38 +0000  codesign output: /var/folders/f2/csj7151n4c57d7ny93w4h0s40000gp/T/XcodeDistPipeline.~~~EIDUap/Root/Payload/Omnia.app: replacing existing signature
/var/folders/f2/csj7151n4c57d7ny93w4h0s40000gp/T/XcodeDistPipeline.~~~EIDUap/Root/Payload/Omnia.app: signed app bundle with Mach-O thin (arm64) [com.omniaapp.Omnia.v2]
2025-08-29 07:23:38 +0000  Processing step: IDEDistributionZipODRItemStep
2025-08-29 07:23:38 +0000  Skipping step: IDEDistributionZipODRItemStep because it said so
2025-08-29 07:23:38 +0000  Processing step: IDEDistributionCreateIPAStep
2025-08-29 07:23:38 +0000  Running /usr/bin/ditto '-V' '-c' '-k' '--norsrc' '/var/folders/f2/csj7151n4c57d7ny93w4h0s40000gp/T/XcodeDistPipeline.~~~EIDUap/Root' '/var/folders/f2/csj7151n4c57d7ny93w4h0s40000gp/T/XcodeDistPipeline.~~~EIDUap/Packages/Omnia.ipa'
2025-08-29 07:23:38 +0000  >>> Copying /var/folders/f2/csj7151n4c57d7ny93w4h0s40000gp/T/XcodeDistPipeline.~~~EIDUap/Root 
2025-08-29 07:23:38 +0000  copying file ./Payload/Omnia.app/_CodeSignature/CodeResources ... 
2025-08-29 07:23:38 +0000  2775 bytes for ./Payload/Omnia.app/_CodeSignature/CodeResources
2025-08-29 07:23:38 +0000  copying file ./Payload/Omnia.app/AppIcon60x60@2x.png ... 
2025-08-29 07:23:38 +0000  8490 bytes for ./Payload/Omnia.app/AppIcon60x60@2x.png
copying file ./Payload/Omnia.app/Omnia ... 
2025-08-29 07:23:38 +0000  209008 bytes for ./Payload/Omnia.app/Omnia
2025-08-29 07:23:38 +0000  copying file ./Payload/Omnia.app/Assets.car ... 
2025-08-29 07:23:38 +0000  1232056 bytes for ./Payload/Omnia.app/Assets.car
copying file ./Payload/Omnia.app/AppIcon76x76@2x~ipad.png ... 
2025-08-29 07:23:38 +0000  11008 bytes for ./Payload/Omnia.app/AppIcon76x76@2x~ipad.png
2025-08-29 07:23:38 +0000  copying file ./Payload/Omnia.app/embedded.mobileprovision ... 
2025-08-29 07:23:38 +0000  14628 bytes for ./Payload/Omnia.app/embedded.mobileprovision
copying file ./Payload/Omnia.app/Info.plist ... 
2025-08-29 07:23:38 +0000  2084 bytes for ./Payload/Omnia.app/Info.plist
copying file ./Payload/Omnia.app/PkgInfo ... 
2025-08-29 07:23:38 +0000  8 bytes for ./Payload/Omnia.app/PkgInfo
2025-08-29 07:23:38 +0000  /usr/bin/ditto exited with 0
2025-08-29 07:23:38 +0000  Processing step: IDEDistributionAppStoreInformationStep
2025-08-29 07:23:38 +0000  Skipping step: IDEDistributionAppStoreInformationStep because it said so
2025-08-29 07:23:38 +0000  Processing step: IDEDistributionGenerateProcessedDistributionItems
2025-08-29 07:23:38 +0000  IDEDistributionItem init <DVTFilePath:0x8d72fe7c0:'/var/folders/f2/csj7151n4c57d7ny93w4h0s40000gp/T/XcodeDistPipeline.~~~EIDUap/Root/Payload/Omnia.app'>
2025-08-29 07:23:38 +0000  Processing step: IDEDistributionCreateManifestStep
